#
# A fatal error has been detected by the Java Runtime Environment:
#
#  EXCEPTION_ACCESS_VIOLATION (0xc0000005) at pc=0x000002bb34ea8200, pid=6384, tid=5152
#
# JRE version: Java(TM) SE Runtime Environment (9.0+11) (build 9.0.4+11)
# Java VM: Java HotSpot(TM) 64-Bit Server VM (9.0.4+11, mixed mode, tiered, compressed oops, g1 gc, windows-amd64)
# Problematic frame:
# C  0x000002bb34ea8200
#
# No core dump will be written. Minidumps are not enabled by default on client versions of Windows
#
# If you would like to submit a bug report, please visit:
#   http://bugreport.java.com/bugreport/crash.jsp
#

---------------  S U M M A R Y ------------

Command Line: -Dmaven.home=EMBEDDED -Dclassworlds.conf=C:\Users\TB-DB\eclipse-workspace\.metadata\.plugins\org.eclipse.m2e.launching\launches\m2conf1776779165456330235.tmp -Dmaven.multiModuleProjectDirectory=C:\Users\TB-DB\git\DataDriverFramework\DataDriverFramework -Dfile.encoding=Cp1252 org.codehaus.plexus.classworlds.launcher.Launcher -B clean

Host: Intel(R) Core(TM)2 Quad CPU    Q6600  @ 2.40GHz, 4 cores, 3G,  Windows 10 , 64 bit Build 17134 (10.0.17134.753)
Time: Fri May 17 18:23:15 2019 India Standard Time elapsed time: 1 seconds (0d 0h 0m 1s)

---------------  T H R E A D  ---------------

Current thread (0x000002bb97eaf000):  JavaThread "main" [_thread_in_Java, id=5152, stack(0x000000f37cd00000,0x000000f37ce00000)]

Stack: [0x000000f37cd00000,0x000000f37ce00000],  sp=0x000000f37cdfd478,  free space=1013k
Native frames: (J=compiled Java code, j=interpreted, Vv=VM code, C=native code)
C  0x000002bb34ea8200


siginfo: EXCEPTION_ACCESS_VIOLATION (0xc0000005), data execution prevention violation at address 0x000002bb34ea8200


Register to memory mapping:

RIP=0x000002bb34ea8200 is an unknown value
RAX=0x0000000000000002 is an unknown value
RBX=0x0000000000001376 is an unknown value
RCX=0x0000000000000074 is an unknown value
RDX=0x00000000c3fca980 is an oop
java.nio.HeapByteBuffer 
{0x00000000c3fca980} - klass: 'java/nio/HeapByteBuffer'
RSP=0x000000f37cdfd478 is pointing into the stack for thread: 0x000002bb97eaf000
RBP=0x000000f37cdfd6b0 is pointing into the stack for thread: 0x000002bb97eaf000
RSI=0x0000000000004350 is an unknown value
RDI=0x00000000c3e39200 is an oop
[C 
{0x00000000c3e39200} - klass: {type array char}
 - length: 2
R8 =0x000000010002c300 is pointing into metadata
R9 =0x00000000c3e39218 is an oop
java.nio.HeapCharBuffer 
{0x00000000c3e39218} - klass: 'java/nio/HeapCharBuffer'
R10=0x00000000586d7bc0 jvm.dll
R11=0x0000000000000002 is an unknown value
R12=0x0000000000000000 is an unknown value
R13=0x0000000000000420 is an unknown value
R14=0x00000000000008c3 is an unknown value
R15=0x000002bb97eaf000 is a thread


Registers:
RAX=0x0000000000000002, RBX=0x0000000000001376, RCX=0x0000000000000074, RDX=0x00000000c3fca980
RSP=0x000000f37cdfd478, RBP=0x000000f37cdfd6b0, RSI=0x0000000000004350, RDI=0x00000000c3e39200
R8 =0x000000010002c300, R9 =0x00000000c3e39218, R10=0x00000000586d7bc0, R11=0x0000000000000002
R12=0x0000000000000000, R13=0x0000000000000420, R14=0x00000000000008c3, R15=0x000002bb97eaf000
RIP=0x000002bb34ea8200, EFLAGS=0x0000000000010206

Top of Stack: (sp=0x000000f37cdfd478)
0x000000f37cdfd478:   000002bba4649fe4 000002bb97eaf000
0x000000f37cdfd488:   000002bbb868b998 000002bb97eaf000
0x000000f37cdfd498:   000000f37cdfd5b8 000002bba3eb817b
0x000000f37cdfd4a8:   000002bba3ea8910 000002bb00000000
0x000000f37cdfd4b8:   000000f37cdfd600 000000f37cdfd5b8
0x000000f37cdfd4c8:   000002bb00000000 0000000000000000
0x000000f37cdfd4d8:   000002bb97eaf000 000000f37cdfd618
0x000000f37cdfd4e8:   000002bbb868cf10 000000010006f080
0x000000f37cdfd4f8:   000002bbb868b970 000002bb97eaf000
0x000000f37cdfd508:   0000000000000000 000000f37cdfd600
0x000000f37cdfd518:   0000000058096fc5 000000f37cdfd601
0x000000f37cdfd528:   000002bb97eaf000 000000f37cdfd660
0x000000f37cdfd538:   000002bb97eaf000 000000f37cdfd680
0x000000f37cdfd548:   000002bbb868b680 000000010006f080
0x000000f37cdfd558:   00000000c3fca980 000002bb00000002
0x000000f37cdfd568:   00000000c3fca9b0 00000000c3e39200 

Instructions: (pc=0x000002bb34ea8200)
0x000002bb34ea81e0:   
[error occurred during error reporting (printing registers, top of stack, instructions near pc), id 0xc0000005]


---------------  P R O C E S S  ---------------

Java Threads: ( => current thread )
  0x000002bbb8dbc800 JavaThread "Service Thread" daemon [_thread_blocked, id=2724, stack(0x000000f37e300000,0x000000f37e400000)]
  0x000002bbb8b8b000 JavaThread "Common-Cleaner" daemon [_thread_blocked, id=5572, stack(0x000000f37e200000,0x000000f37e300000)]
  0x000002bbb8af8800 JavaThread "Sweeper thread" daemon [_thread_blocked, id=6912, stack(0x000000f37e100000,0x000000f37e200000)]
  0x000002bbb8ae6000 JavaThread "C1 CompilerThread2" daemon [_thread_blocked, id=12200, stack(0x000000f37e000000,0x000000f37e100000)]
  0x000002bbb8ae5000 JavaThread "C2 CompilerThread1" daemon [_thread_in_native, id=11800, stack(0x000000f37df00000,0x000000f37e000000)]
  0x000002bbb8adb000 JavaThread "C2 CompilerThread0" daemon [_thread_blocked, id=8180, stack(0x000000f37de00000,0x000000f37df00000)]
  0x000002bbb8ace000 JavaThread "Attach Listener" daemon [_thread_blocked, id=9000, stack(0x000000f37dd00000,0x000000f37de00000)]
  0x000002bbb8acd800 JavaThread "Signal Dispatcher" daemon [_thread_blocked, id=7096, stack(0x000000f37dc00000,0x000000f37dd00000)]
  0x000002bbb8a88800 JavaThread "Finalizer" daemon [_thread_blocked, id=6224, stack(0x000000f37db00000,0x000000f37dc00000)]
  0x000002bbb8a86800 JavaThread "Reference Handler" daemon [_thread_blocked, id=8380, stack(0x000000f37da00000,0x000000f37db00000)]
=>0x000002bb97eaf000 JavaThread "main" [_thread_in_Java, id=5152, stack(0x000000f37cd00000,0x000000f37ce00000)]

Other Threads:
  0x000002bbb8a70800 VMThread "VM Thread" [stack: 0x000000f37d900000,0x000000f37da00000] [id=9008]
  0x000002bbb8dbf000 WatcherThread [stack: 0x000000f37e400000,0x000000f37e500000] [id=228]
  0x000002bb97ec8000 GCTaskThread "GC Thread#0" [stack: 0x000000f37ce00000,0x000000f37cf00000] [id=5356]
  0x000002bb97ec9800 GCTaskThread "GC Thread#1" [stack: 0x000000f37cf00000,0x000000f37d000000] [id=1612]
  0x000002bb97ecc800 GCTaskThread "GC Thread#2" [stack: 0x000000f37d000000,0x000000f37d100000] [id=10440]
  0x000002bb97ecf800 GCTaskThread "GC Thread#3" [stack: 0x000000f37d100000,0x000000f37d200000] [id=10516]
  0x000002bb97f1f000 ConcurrentGCThread "G1 Main Marker" [stack: 0x000000f37d700000,0x000000f37d800000] [id=11360]
  0x000002bb97f22000 ConcurrentGCThread "G1 Marker#0" [stack: 0x000000f37d800000,0x000000f37d900000] [id=11112]
  0x000002bb97edd800 ConcurrentGCThread "G1 Refine#0" [stack: 0x000000f37d500000,0x000000f37d600000] [id=1708]
  0x000002bb97edb000 ConcurrentGCThread "G1 Refine#1" [stack: 0x000000f37d400000,0x000000f37d500000] [id=6380]
  0x000002bb97ed9000 ConcurrentGCThread "G1 Refine#2" [stack: 0x000000f37d300000,0x000000f37d400000] [id=8156]
  0x000002bb97ed6000 ConcurrentGCThread "G1 Refine#3" [stack: 0x000000f37d200000,0x000000f37d300000] [id=11516]
  0x000002bb97ee9800 ConcurrentGCThread "G1 Young RemSet Sampling" [stack: 0x000000f37d600000,0x000000f37d700000] [id=5308]

Threads with active compile tasks:
C2 CompilerThread11041   !   4       sun.nio.cs.StreamDecoder::read (196 bytes)

VM state:not at safepoint (normal execution)

VM Mutex/Monitor currently owned by a thread: None

Heap address: 0x00000000c0000000, size: 1024 MB, Compressed Oops mode: 32-bit
Narrow klass base: 0x0000000000000000, Narrow klass shift: 3
Compressed class space size: 1073741824 Address: 0x0000000100000000

Heap:
 garbage-first heap   total 65536K, used 6681K [0x00000000c0000000, 0x00000000c0100200, 0x0000000100000000)
  region size 1024K, 4 young (4096K), 2 survivors (2048K)
 Metaspace       used 11860K, capacity 12158K, committed 12416K, reserved 1060864K
  class space    used 1209K, capacity 1309K, committed 1408K, reserved 1048576K
Heap Regions: E=young(eden), S=young(survivor), O=old, HS=humongous(starts), HC=humongous(continues), CS=collection set, F=free, A=archive, TS=gc time stamp, AC=allocation context, TAMS=top-at-mark-start (previous, next)
|   0|0x00000000c0000000, 0x00000000c0100000, 0x00000000c0100000|100%| O|  |TS  1|AC  0|TAMS 0x00000000c0000000, 0x00000000c0000000|
|   1|0x00000000c0100000, 0x00000000c0200000, 0x00000000c0200000|100%| O|  |TS  1|AC  0|TAMS 0x00000000c0100000, 0x00000000c0100000|
|   2|0x00000000c0200000, 0x00000000c0300000, 0x00000000c0300000|100%| O|  |TS  3|AC  0|TAMS 0x00000000c0200000, 0x00000000c0200000|
|   3|0x00000000c0300000, 0x00000000c0400000, 0x00000000c0400000|100%| O|  |TS  3|AC  0|TAMS 0x00000000c0300000, 0x00000000c0300000|
|   4|0x00000000c0400000, 0x00000000c0424a00, 0x00000000c0500000| 14%| O|  |TS  3|AC  0|TAMS 0x00000000c0400000, 0x00000000c0400000|
|   5|0x00000000c0500000, 0x00000000c0500000, 0x00000000c0600000|  0%| F|  |TS  0|AC  0|TAMS 0x00000000c0500000, 0x00000000c0500000|
|   6|0x00000000c0600000, 0x00000000c0600000, 0x00000000c0700000|  0%| F|  |TS  0|AC  0|TAMS 0x00000000c0600000, 0x00000000c0600000|
|   7|0x00000000c0700000, 0x00000000c0700000, 0x00000000c0800000|  0%| F|  |TS  0|AC  0|TAMS 0x00000000c0700000, 0x00000000c0700000|
|   8|0x00000000c0800000, 0x00000000c0800000, 0x00000000c0900000|  0%| F|  |TS  0|AC  0|TAMS 0x00000000c0800000, 0x00000000c0800000|
|   9|0x00000000c0900000, 0x00000000c0900000, 0x00000000c0a00000|  0%| F|  |TS  0|AC  0|TAMS 0x00000000c0900000, 0x00000000c0900000|
|  10|0x00000000c0a00000, 0x00000000c0a00000, 0x00000000c0b00000|  0%| F|  |TS  0|AC  0|TAMS 0x00000000c0a00000, 0x00000000c0a00000|
|  11|0x00000000c0b00000, 0x00000000c0b00000, 0x00000000c0c00000|  0%| F|  |TS  0|AC  0|TAMS 0x00000000c0b00000, 0x00000000c0b00000|
|  12|0x00000000c0c00000, 0x00000000c0c00000, 0x00000000c0d00000|  0%| F|  |TS  0|AC  0|TAMS 0x00000000c0c00000, 0x00000000c0c00000|
|  13|0x00000000c0d00000, 0x00000000c0d00000, 0x00000000c0e00000|  0%| F|  |TS  0|AC  0|TAMS 0x00000000c0d00000, 0x00000000c0d00000|
|  14|0x00000000c0e00000, 0x00000000c0e00000, 0x00000000c0f00000|  0%| F|  |TS  0|AC  0|TAMS 0x00000000c0e00000, 0x00000000c0e00000|
|  15|0x00000000c0f00000, 0x00000000c0f00000, 0x00000000c1000000|  0%| F|  |TS  0|AC  0|TAMS 0x00000000c0f00000, 0x00000000c0f00000|
|  16|0x00000000c1000000, 0x00000000c1000000, 0x00000000c1100000|  0%| F|  |TS  0|AC  0|TAMS 0x00000000c1000000, 0x00000000c1000000|
|  17|0x00000000c1100000, 0x00000000c1100000, 0x00000000c1200000|  0%| F|  |TS  0|AC  0|TAMS 0x00000000c1100000, 0x00000000c1100000|
|  18|0x00000000c1200000, 0x00000000c1200000, 0x00000000c1300000|  0%| F|  |TS  0|AC  0|TAMS 0x00000000c1200000, 0x00000000c1200000|
|  19|0x00000000c1300000, 0x00000000c1300000, 0x00000000c1400000|  0%| F|  |TS  0|AC  0|TAMS 0x00000000c1300000, 0x00000000c1300000|
|  20|0x00000000c1400000, 0x00000000c1400000, 0x00000000c1500000|  0%| F|  |TS  0|AC  0|TAMS 0x00000000c1400000, 0x00000000c1400000|
|  21|0x00000000c1500000, 0x00000000c1500000, 0x00000000c1600000|  0%| F|  |TS  0|AC  0|TAMS 0x00000000c1500000, 0x00000000c1500000|
|  22|0x00000000c1600000, 0x00000000c1600000, 0x00000000c1700000|  0%| F|  |TS  0|AC  0|TAMS 0x00000000c1600000, 0x00000000c1600000|
|  23|0x00000000c1700000, 0x00000000c1700000, 0x00000000c1800000|  0%| F|  |TS  0|AC  0|TAMS 0x00000000c1700000, 0x00000000c1700000|
|  24|0x00000000c1800000, 0x00000000c1800000, 0x00000000c1900000|  0%| F|  |TS  0|AC  0|TAMS 0x00000000c1800000, 0x00000000c1800000|
|  25|0x00000000c1900000, 0x00000000c1900000, 0x00000000c1a00000|  0%| F|  |TS  0|AC  0|TAMS 0x00000000c1900000, 0x00000000c1900000|
|  26|0x00000000c1a00000, 0x00000000c1a00000, 0x00000000c1b00000|  0%| F|  |TS  0|AC  0|TAMS 0x00000000c1a00000, 0x00000000c1a00000|
|  27|0x00000000c1b00000, 0x00000000c1b00000, 0x00000000c1c00000|  0%| F|  |TS  0|AC  0|TAMS 0x00000000c1b00000, 0x00000000c1b00000|
|  28|0x00000000c1c00000, 0x00000000c1c00000, 0x00000000c1d00000|  0%| F|  |TS  0|AC  0|TAMS 0x00000000c1c00000, 0x00000000c1c00000|
|  29|0x00000000c1d00000, 0x00000000c1d00000, 0x00000000c1e00000|  0%| F|  |TS  0|AC  0|TAMS 0x00000000c1d00000, 0x00000000c1d00000|
|  30|0x00000000c1e00000, 0x00000000c1e00000, 0x00000000c1f00000|  0%| F|  |TS  0|AC  0|TAMS 0x00000000c1e00000, 0x00000000c1e00000|
|  31|0x00000000c1f00000, 0x00000000c1f00000, 0x00000000c2000000|  0%| F|  |TS  0|AC  0|TAMS 0x00000000c1f00000, 0x00000000c1f00000|
|  32|0x00000000c2000000, 0x00000000c2000000, 0x00000000c2100000|  0%| F|  |TS  0|AC  0|TAMS 0x00000000c2000000, 0x00000000c2000000|
|  33|0x00000000c2100000, 0x00000000c2100000, 0x00000000c2200000|  0%| F|  |TS  0|AC  0|TAMS 0x00000000c2100000, 0x00000000c2100000|
|  34|0x00000000c2200000, 0x00000000c2200000, 0x00000000c2300000|  0%| F|  |TS  0|AC  0|TAMS 0x00000000c2200000, 0x00000000c2200000|
|  35|0x00000000c2300000, 0x00000000c2300000, 0x00000000c2400000|  0%| F|  |TS  0|AC  0|TAMS 0x00000000c2300000, 0x00000000c2300000|
|  36|0x00000000c2400000, 0x00000000c2400000, 0x00000000c2500000|  0%| F|  |TS  0|AC  0|TAMS 0x00000000c2400000, 0x00000000c2400000|
|  37|0x00000000c2500000, 0x00000000c2500000, 0x00000000c2600000|  0%| F|  |TS  0|AC  0|TAMS 0x00000000c2500000, 0x00000000c2500000|
|  38|0x00000000c2600000, 0x00000000c2600000, 0x00000000c2700000|  0%| F|  |TS  0|AC  0|TAMS 0x00000000c2600000, 0x00000000c2600000|
|  39|0x00000000c2700000, 0x00000000c2700000, 0x00000000c2800000|  0%| F|  |TS  0|AC  0|TAMS 0x00000000c2700000, 0x00000000c2700000|
|  40|0x00000000c2800000, 0x00000000c2800000, 0x00000000c2900000|  0%| F|  |TS  0|AC  0|TAMS 0x00000000c2800000, 0x00000000c2800000|
|  41|0x00000000c2900000, 0x00000000c2900000, 0x00000000c2a00000|  0%| F|  |TS  0|AC  0|TAMS 0x00000000c2900000, 0x00000000c2900000|
|  42|0x00000000c2a00000, 0x00000000c2a00000, 0x00000000c2b00000|  0%| F|  |TS  0|AC  0|TAMS 0x00000000c2a00000, 0x00000000c2a00000|
|  43|0x00000000c2b00000, 0x00000000c2b00000, 0x00000000c2c00000|  0%| F|  |TS  0|AC  0|TAMS 0x00000000c2b00000, 0x00000000c2b00000|
|  44|0x00000000c2c00000, 0x00000000c2c00000, 0x00000000c2d00000|  0%| F|  |TS  0|AC  0|TAMS 0x00000000c2c00000, 0x00000000c2c00000|
|  45|0x00000000c2d00000, 0x00000000c2d00000, 0x00000000c2e00000|  0%| F|  |TS  0|AC  0|TAMS 0x00000000c2d00000, 0x00000000c2d00000|
|  46|0x00000000c2e00000, 0x00000000c2e00000, 0x00000000c2f00000|  0%| F|  |TS  0|AC  0|TAMS 0x00000000c2e00000, 0x00000000c2e00000|
|  47|0x00000000c2f00000, 0x00000000c2f00000, 0x00000000c3000000|  0%| F|  |TS  0|AC  0|TAMS 0x00000000c2f00000, 0x00000000c2f00000|
|  48|0x00000000c3000000, 0x00000000c3000000, 0x00000000c3100000|  0%| F|  |TS  3|AC  0|TAMS 0x00000000c3000000, 0x00000000c3000000|
|  49|0x00000000c3100000, 0x00000000c3100000, 0x00000000c3200000|  0%| F|  |TS  3|AC  0|TAMS 0x00000000c3100000, 0x00000000c3100000|
|  50|0x00000000c3200000, 0x00000000c3200000, 0x00000000c3300000|  0%| F|  |TS  1|AC  0|TAMS 0x00000000c3200000, 0x00000000c3200000|
|  51|0x00000000c3300000, 0x00000000c3300000, 0x00000000c3400000|  0%| F|  |TS  1|AC  0|TAMS 0x00000000c3300000, 0x00000000c3300000|
|  52|0x00000000c3400000, 0x00000000c3400000, 0x00000000c3500000|  0%| F|  |TS  1|AC  0|TAMS 0x00000000c3400000, 0x00000000c3400000|
|  53|0x00000000c3500000, 0x00000000c3500000, 0x00000000c3600000|  0%| F|  |TS  1|AC  0|TAMS 0x00000000c3500000, 0x00000000c3500000|
|  54|0x00000000c3600000, 0x00000000c3600000, 0x00000000c3700000|  0%| F|  |TS  1|AC  0|TAMS 0x00000000c3600000, 0x00000000c3600000|
|  55|0x00000000c3700000, 0x00000000c3761c70, 0x00000000c3800000| 38%| S|CS|TS  3|AC  0|TAMS 0x00000000c3700000, 0x00000000c3700000|
|  56|0x00000000c3800000, 0x00000000c3900000, 0x00000000c3900000|100%| S|CS|TS  3|AC  0|TAMS 0x00000000c3800000, 0x00000000c3800000|
|  57|0x00000000c3900000, 0x00000000c3900000, 0x00000000c3a00000|  0%| F|  |TS  3|AC  0|TAMS 0x00000000c3900000, 0x00000000c3900000|
|  58|0x00000000c3a00000, 0x00000000c3a00000, 0x00000000c3b00000|  0%| F|  |TS  3|AC  0|TAMS 0x00000000c3a00000, 0x00000000c3a00000|
|  59|0x00000000c3b00000, 0x00000000c3b00000, 0x00000000c3c00000|  0%| F|  |TS  3|AC  0|TAMS 0x00000000c3b00000, 0x00000000c3b00000|
|  60|0x00000000c3c00000, 0x00000000c3c00000, 0x00000000c3d00000|  0%| F|  |TS  3|AC  0|TAMS 0x00000000c3c00000, 0x00000000c3c00000|
|  61|0x00000000c3d00000, 0x00000000c3d00000, 0x00000000c3e00000|  0%| F|  |TS  3|AC  0|TAMS 0x00000000c3d00000, 0x00000000c3d00000|
|  62|0x00000000c3e00000, 0x00000000c3e695b8, 0x00000000c3f00000| 41%| E|  |TS  3|AC  0|TAMS 0x00000000c3e00000, 0x00000000c3e00000|
|  63|0x00000000c3f00000, 0x00000000c4000000, 0x00000000c4000000|100%| E|CS|TS  3|AC  0|TAMS 0x00000000c3f00000, 0x00000000c3f00000|

Card table byte_map: [0x000002bbb38c0000,0x000002bbb3ac0000] byte_map_base: 0x000002bbb32c0000

Marking Bits (Prev, Next): (CMBitMap*) 0x000002bb97f1e620, (CMBitMap*) 0x000002bb97f1e658
 Prev Bits: [0x000002bbb3cc0000, 0x000002bbb4cc0000)
 Next Bits: [0x000002bbb4cc0000, 0x000002bbb5cc0000)

Polling page: 0x000002bb97f90000

CodeHeap 'non-profiled nmethods': size=120064Kb used=371Kb max_used=371Kb free=119692Kb
 bounds [0x000002bbab960000, 0x000002bbabbd0000, 0x000002bbb2ea0000]
CodeHeap 'profiled nmethods': size=120000Kb used=2264Kb max_used=2264Kb free=117735Kb
 bounds [0x000002bba4430000, 0x000002bba46a0000, 0x000002bbab960000]
CodeHeap 'non-nmethods': size=5696Kb used=1215Kb max_used=1250Kb free=4480Kb
 bounds [0x000002bba3ea0000, 0x000002bba4110000, 0x000002bba4430000]
 total_blobs=1635 nmethods=1042 adapters=284
 compilation: enabled

Compilation events (10 events):
Event: 1.469 Thread 0x000002bbb8ae6000 nmethod 1014 0x000002bba4654610 code [0x000002bba46547c0, 0x000002bba4654a30]
Event: 1.469 Thread 0x000002bbb8ae6000 1015       3       java.nio.CharBuffer::position (8 bytes)
Event: 1.469 Thread 0x000002bbb8ae6000 nmethod 1015 0x000002bba4654b10 code [0x000002bba4654cc0, 0x000002bba4654e50]
Event: 1.469 Thread 0x000002bbb8ae6000 1017       3       java.nio.charset.CoderResult::isOverflow (14 bytes)
Event: 1.469 Thread 0x000002bbb8ae6000 nmethod 1017 0x000002bba4654f10 code [0x000002bba46550c0, 0x000002bba4655278]
Event: 1.469 Thread 0x000002bbb8ae6000 1021       3       java.io.Reader::read (21 bytes)
Event: 1.469 Thread 0x000002bbb8ae6000 nmethod 1021 0x000002bba4655310 code [0x000002bba46554c0, 0x000002bba46557d0]
Event: 1.469 Thread 0x000002bbb8ae6000 1020       3       org.codehaus.plexus.util.InterpolationFilterReader::read (477 bytes)
Event: 1.470 Thread 0x000002bbb8adb000 1042       4       java.nio.ByteBuffer::arrayOffset (35 bytes)
Event: 1.471 Thread 0x000002bbb8adb000 nmethod 1042 0x000002bbab9b8b10 code [0x000002bbab9b8ca0, 0x000002bbab9b8d38]

GC Heap History (4 events):
Event: 1.179 GC heap before
{Heap before GC invocations=0 (full 0):
 garbage-first heap   total 65536K, used 14336K [0x00000000c0000000, 0x00000000c0100200, 0x0000000100000000)
  region size 1024K, 14 young (14336K), 0 survivors (0K)
 Metaspace       used 10022K, capacity 10284K, committed 10624K, reserved 1058816K
  class space    used 965K, capacity 1070K, committed 1152K, reserved 1048576K
}
Event: 1.193 GC heap after
{Heap after GC invocations=1 (full 0):
 garbage-first heap   total 65536K, used 4160K [0x00000000c0000000, 0x00000000c0100200, 0x0000000100000000)
  region size 1024K, 2 young (2048K), 2 survivors (2048K)
 Metaspace       used 10022K, capacity 10284K, committed 10624K, reserved 1058816K
  class space    used 965K, capacity 1070K, committed 1152K, reserved 1048576K
}
Event: 1.421 GC heap before
{Heap before GC invocations=1 (full 0):
 garbage-first heap   total 65536K, used 11328K [0x00000000c0000000, 0x00000000c0100200, 0x0000000100000000)
  region size 1024K, 9 young (9216K), 2 survivors (2048K)
 Metaspace       used 11665K, capacity 11934K, committed 12032K, reserved 1060864K
  class space    used 1191K, capacity 1277K, committed 1280K, reserved 1048576K
}
Event: 1.432 GC heap after
{Heap after GC invocations=2 (full 0):
 garbage-first heap   total 65536K, used 5657K [0x00000000c0000000, 0x00000000c0100200, 0x0000000100000000)
  region size 1024K, 2 young (2048K), 2 survivors (2048K)
 Metaspace       used 11665K, capacity 11934K, committed 12032K, reserved 1060864K
  class space    used 1191K, capacity 1277K, committed 1280K, reserved 1048576K
}

Deoptimization events (10 events):
Event: 0.975 Thread 0x000002bb97eaf000 Uncommon trap: reason=unstable_if action=reinterpret pc=0x000002bbab97240c method=java.lang.StringLatin1.canEncode(I)Z @ 4 c2
Event: 0.976 Thread 0x000002bb97eaf000 Uncommon trap: reason=unstable_if action=reinterpret pc=0x000002bbab97306c method=java.lang.AbstractStringBuilder.isLatin1()Z @ 10 c2
Event: 0.979 Thread 0x000002bb97eaf000 Uncommon trap: reason=unstable_if action=reinterpret pc=0x000002bbab96f150 method=java.lang.StringLatin1.canEncode(I)Z @ 4 c2
Event: 1.200 Thread 0x000002bb97eaf000 Uncommon trap: reason=unstable_if action=reinterpret pc=0x000002bbab996f84 method=java.lang.ref.SoftReference.get()Ljava/lang/Object; @ 17 c2
Event: 1.301 Thread 0x000002bb97eaf000 Uncommon trap: reason=unstable_if action=reinterpret pc=0x000002bbab998a64 method=java.util.HashMap.getNode(ILjava/lang/Object;)Ljava/util/HashMap$Node; @ 62 c2
Event: 1.301 Thread 0x000002bb97eaf000 Uncommon trap: reason=bimorphic_or_optimized_type_check action=maybe_recompile pc=0x000002bbab9936c0 method=java.util.HashMap.putVal(ILjava/lang/Object;Ljava/lang/Object;ZZ)Ljava/lang/Object; @ 91 c2
Event: 1.306 Thread 0x000002bb97eaf000 Uncommon trap: reason=bimorphic_or_optimized_type_check action=maybe_recompile pc=0x000002bbab9936c0 method=java.util.HashMap.putVal(ILjava/lang/Object;Ljava/lang/Object;ZZ)Ljava/lang/Object; @ 91 c2
Event: 1.329 Thread 0x000002bb97eaf000 Uncommon trap: reason=bimorphic_or_optimized_type_check action=maybe_recompile pc=0x000002bbab9936c0 method=java.util.HashMap.putVal(ILjava/lang/Object;Ljava/lang/Object;ZZ)Ljava/lang/Object; @ 91 c2
Event: 1.330 Thread 0x000002bb97eaf000 Uncommon trap: reason=bimorphic_or_optimized_type_check action=maybe_recompile pc=0x000002bbab9936c0 method=java.util.HashMap.putVal(ILjava/lang/Object;Ljava/lang/Object;ZZ)Ljava/lang/Object; @ 91 c2
Event: 1.457 Thread 0x000002bb97eaf000 Uncommon trap: reason=unstable_if action=reinterpret pc=0x000002bbab98ff44 method=org.codehaus.plexus.util.xml.pull.MXParser.more()C @ 8 c2

Classes redefined (0 events):
No events

Internal exceptions (6 events):
Event: 0.778 Thread 0x000002bb97eaf000 Exception <a 'java/lang/NoSuchMethodError'{0x00000000c3ad9a48}: java.lang.Object.lambda$union$2(Ljava/util/regex/Pattern$CharPredicate;I)Z> (0x00000000c3ad9a48) thrown at [t:/workspace/hotspot/src/share/vm/interpreter/linkResolver.cpp, line 731]
Event: 0.853 Thread 0x000002bb97eaf000 Exception <a 'java/lang/NoSuchMethodError'{0x00000000c380edd0}: java.lang.Object.lambda$negate$3(I)Z> (0x00000000c380edd0) thrown at [t:/workspace/hotspot/src/share/vm/interpreter/linkResolver.cpp, line 731]
Event: 0.854 Thread 0x000002bb97eaf000 Exception <a 'java/lang/NoSuchMethodError'{0x00000000c3811af0}: java.lang.Object.lambda$union$1(Ljava/util/regex/Pattern$CharPredicate;I)Z> (0x00000000c3811af0) thrown at [t:/workspace/hotspot/src/share/vm/interpreter/linkResolver.cpp, line 731]
Event: 1.363 Thread 0x000002bb97eaf000 Exception <a 'java/lang/NoSuchMethodError'{0x00000000c3adf908}: java.lang.invoke.DirectMethodHandle$Holder.invokeInterface(Ljava/lang/Object;Ljava/lang/Object;Ljava/lang/Object;)I> (0x00000000c3adf908) thrown at [t:/workspace/hotspot/src/share/vm/interpre
Event: 1.367 Thread 0x000002bb97eaf000 Exception <a 'java/lang/NoSuchMethodError'{0x00000000c3aeb468}: java.lang.invoke.DirectMethodHandle$Holder.invokeStatic(Ljava/lang/Object;Ljava/lang/Object;)I> (0x00000000c3aeb468) thrown at [t:/workspace/hotspot/src/share/vm/interpreter/linkResolver.cpp,
Event: 1.370 Thread 0x000002bb97eaf000 Exception <a 'java/lang/NoSuchMethodError'{0x00000000c3af8748}: java.lang.Object.of([Ljava/lang/Object;)Ljava/util/stream/Stream;> (0x00000000c3af8748) thrown at [t:/workspace/hotspot/src/share/vm/interpreter/linkResolver.cpp, line 731]

Events (10 events):
Event: 1.450 loading class org/eclipse/sisu/plexus/PlexusTypeRegistry done
Event: 1.451 loading class org/codehaus/plexus/component/annotations/Component
Event: 1.451 loading class org/codehaus/plexus/component/annotations/Component done
Event: 1.451 loading class org/eclipse/sisu/plexus/ComponentImpl
Event: 1.451 loading class org/eclipse/sisu/plexus/ComponentImpl done
Event: 1.454 loading class org/eclipse/sisu/space/Streams
Event: 1.454 loading class org/eclipse/sisu/space/Streams done
Event: 1.457 Thread 0x000002bb97eaf000 Uncommon trap: trap_request=0xffffff5d fr.pc=0x000002bbab98ff44 relative=0x00000000000000a4
Event: 1.457 Thread 0x000002bb97eaf000 DEOPT PACKING pc=0x000002bbab98ff44 sp=0x000000f37cdfde60
Event: 1.457 Thread 0x000002bb97eaf000 DEOPT UNPACKING pc=0x000002bba3eeda29 sp=0x000000f37cdfddf0 mode 2


Dynamic libraries:
0x00007ff6c6e00000 - 0x00007ff6c6e3e000 	C:\Program Files\Java\jdk-9.0.4\bin\javaw.exe
0x00007fffd4cd0000 - 0x00007fffd4eb1000 	C:\WINDOWS\SYSTEM32\ntdll.dll
0x00007fffd2b20000 - 0x00007fffd2bd1000 	C:\WINDOWS\System32\KERNEL32.DLL
0x00007fffd1a00000 - 0x00007fffd1c73000 	C:\WINDOWS\System32\KERNELBASE.dll
0x00007fffd22b0000 - 0x00007fffd2351000 	C:\WINDOWS\System32\ADVAPI32.dll
0x00007fffd4a70000 - 0x00007fffd4b0e000 	C:\WINDOWS\System32\msvcrt.dll
0x00007fffd24f0000 - 0x00007fffd254b000 	C:\WINDOWS\System32\sechost.dll
0x00007fffd2bf0000 - 0x00007fffd2d14000 	C:\WINDOWS\System32\RPCRT4.dll
0x00007fffd2360000 - 0x00007fffd24f0000 	C:\WINDOWS\System32\USER32.dll
0x00007fffd2110000 - 0x00007fffd2130000 	C:\WINDOWS\System32\win32u.dll
0x00007fffd2a90000 - 0x00007fffd2ab8000 	C:\WINDOWS\System32\GDI32.dll
0x00007fffd1c80000 - 0x00007fffd1e12000 	C:\WINDOWS\System32\gdi32full.dll
0x00007fffd2010000 - 0x00007fffd20af000 	C:\WINDOWS\System32\msvcp_win.dll
0x00007fffd1070000 - 0x00007fffd1168000 	C:\WINDOWS\System32\ucrtbase.dll
0x00007fffc7130000 - 0x00007fffc7399000 	C:\WINDOWS\WinSxS\amd64_microsoft.windows.common-controls_6595b64144ccf1df_6.0.17134.765_none_fb42a1a930655896\COMCTL32.dll
0x00007fffcda20000 - 0x00007fffcda2a000 	C:\WINDOWS\SYSTEM32\VERSION.dll
0x00007fffd2760000 - 0x00007fffd2a82000 	C:\WINDOWS\System32\combase.dll
0x00007fffd1980000 - 0x00007fffd19fa000 	C:\WINDOWS\System32\bcryptPrimitives.dll
0x00007fffd2ac0000 - 0x00007fffd2aed000 	C:\WINDOWS\System32\IMM32.DLL
0x00007fffa79b0000 - 0x00007fffa7a9f000 	C:\Program Files\Java\jdk-9.0.4\bin\msvcr120.dll
0x00007fffab9a0000 - 0x00007fffaba46000 	C:\Program Files\Java\jdk-9.0.4\bin\msvcp120.dll
0x0000000057d60000 - 0x0000000058785000 	C:\Program Files\Java\jdk-9.0.4\bin\server\jvm.dll
0x00007fffd4990000 - 0x00007fffd4998000 	C:\WINDOWS\System32\PSAPI.DLL
0x00007fffce870000 - 0x00007fffce893000 	C:\WINDOWS\SYSTEM32\WINMM.dll
0x00007fffc5dc0000 - 0x00007fffc5dc9000 	C:\WINDOWS\SYSTEM32\WSOCK32.dll
0x00007fffd2550000 - 0x00007fffd25bc000 	C:\WINDOWS\System32\WS2_32.dll
0x00007fffce840000 - 0x00007fffce86a000 	C:\WINDOWS\SYSTEM32\WINMMBASE.dll
0x00007fffd1220000 - 0x00007fffd1269000 	C:\WINDOWS\System32\cfgmgr32.dll
0x00007fffcfbe0000 - 0x00007fffcfbef000 	C:\Program Files\Java\jdk-9.0.4\bin\verify.dll
0x00007fffbf510000 - 0x00007fffbf537000 	C:\Program Files\Java\jdk-9.0.4\bin\java.dll
0x00007fffc1fe0000 - 0x00007fffc1ff6000 	C:\Program Files\Java\jdk-9.0.4\bin\zip.dll
0x00007fffc69d0000 - 0x00007fffc69da000 	C:\Program Files\Java\jdk-9.0.4\bin\jimage.dll
0x00007fffd3400000 - 0x00007fffd4840000 	C:\WINDOWS\System32\SHELL32.dll
0x00007fffd32d0000 - 0x00007fffd3379000 	C:\WINDOWS\System32\shcore.dll
0x00007fffd1270000 - 0x00007fffd197d000 	C:\WINDOWS\System32\windows.storage.dll
0x00007fffd4b10000 - 0x00007fffd4b61000 	C:\WINDOWS\System32\shlwapi.dll
0x00007fffd0fe0000 - 0x00007fffd0ff1000 	C:\WINDOWS\System32\kernel.appcore.dll
0x00007fffd0fb0000 - 0x00007fffd0fcf000 	C:\WINDOWS\System32\profapi.dll
0x00007fffd1020000 - 0x00007fffd106c000 	C:\WINDOWS\System32\powrprof.dll
0x00007fffd0fd0000 - 0x00007fffd0fda000 	C:\WINDOWS\System32\FLTLIB.DLL
0x00007fffbed50000 - 0x00007fffbed6a000 	C:\Program Files\Java\jdk-9.0.4\bin\net.dll
0x00007fffcb8b0000 - 0x00007fffcb98d000 	C:\WINDOWS\SYSTEM32\WINHTTP.dll
0x00007fffd04d0000 - 0x00007fffd0536000 	C:\WINDOWS\system32\mswsock.dll
0x00007fffbed30000 - 0x00007fffbed41000 	C:\Program Files\Java\jdk-9.0.4\bin\nio.dll
0x00007fffd0b20000 - 0x00007fffd0ce9000 	C:\WINDOWS\SYSTEM32\dbghelp.dll

VM Arguments:
jvm_args: -Dmaven.home=EMBEDDED -Dclassworlds.conf=C:\Users\TB-DB\eclipse-workspace\.metadata\.plugins\org.eclipse.m2e.launching\launches\m2conf1776779165456330235.tmp -Dmaven.multiModuleProjectDirectory=C:\Users\TB-DB\git\DataDriverFramework\DataDriverFramework -Dfile.encoding=Cp1252 
java_command: org.codehaus.plexus.classworlds.launcher.Launcher -B clean
java_class_path (initial): D:\New_selenium\eclipse-java-oxygen-3a-win32-x86_64\eclipse\plugins\org.eclipse.m2e.maven.runtime_1.8.3.20180227-2135\jars\plexus-classworlds-2.5.2.jar
Launcher Type: SUN_STANDARD

Logging:
Log output configuration:
#0: stdout all=warning uptime,level,tags
#1: stderr all=off uptime,level,tags

Environment Variables:
JAVA_HOME=C:\Program Files\Java\jdk-8
PATH=C:/Program Files/Java/jdk-8/bin/../jre/bin/server;C:/Program Files/Java/jdk-8/bin/../jre/bin;C:/Program Files/Java/jdk-8/bin/../jre/lib/amd64;"C:\Windows\System32;C:\Program Files\Java\jdk-8\bin";C:\Program Files\Java\jdk-8\bin;C:\WINDOWS\system32;C:\WINDOWS;C:\WINDOWS\System32\Wbem;C:\WINDOWS\System32\WindowsPowerShell\v1.0\;C:\WINDOWS\System32\OpenSSH\;C:\Program Files\Microsoft VS Code\bin;D:\wamp64\bin\php\php7.1.9;C:\ProgramData\ComposerSetup\bin;D:\LatestSeleniumSoftwares\apache-maven-3.6.0-bin\apache-maven-3.6.0\bin;C:\Program Files\Git\cmd;D:\LatestSeleniumSoftwares\apache-ant-1.10.5-bin\apache-ant-1.10.5\bin;D:\wamp64\bin\php\php7.1.9;C:\Users\TB-DB\AppData\Roaming\Composer\vendor\bin;;D:\New_selenium\eclipse-java-oxygen-3a-win32-x86_64\eclipse;
USERNAME=TB-DB
OS=Windows_NT
PROCESSOR_IDENTIFIER=Intel64 Family 6 Model 15 Stepping 11, GenuineIntel



---------------  S Y S T E M  ---------------

OS: Windows 10 , 64 bit Build 17134 (10.0.17134.753)

CPU:total 4 (initial active 4) (4 cores per cpu, 1 threads per core) family 6 model 15 stepping 11, cmov, cx8, fxsr, mmx, sse, sse2, sse3, ssse3, tsc

Memory: 4k page, physical 4192568k(1162236k free), swap 7469368k(2252264k free)

vm_info: Java HotSpot(TM) 64-Bit Server VM (9.0.4+11) for windows-amd64 JRE (9.0.4+11), built on Dec 20 2017 02:18:54 by "mach5one" with MS VC++ 12.0 (VS2013)

END.
